{"D:\\01_LMS_Course_Content\\VueJS\\vitest-project\\src\\api\\userService.js": {"path":"D:\\01_LMS_Course_Content\\VueJS\\vitest-project\\src\\api\\userService.js","all":true,"statementMap":{"0":{"start":{"line":1,"column":0},"end":{"line":1,"column":25}},"1":{"start":{"line":2,"column":0},"end":{"line":2,"column":35}},"2":{"start":{"line":3,"column":0},"end":{"line":3,"column":81}},"3":{"start":{"line":4,"column":0},"end":{"line":4,"column":27}},"4":{"start":{"line":5,"column":0},"end":{"line":5,"column":3}}},"s":{"0":0,"1":0,"2":0,"3":0,"4":0},"branchMap":{"0":{"type":"branch","line":1,"loc":{"start":{"line":1,"column":179},"end":{"line":5,"column":3}},"locations":[{"start":{"line":1,"column":179},"end":{"line":5,"column":3}}]}},"b":{"0":[0]},"fnMap":{"0":{"name":"(empty-report)","decl":{"start":{"line":1,"column":179},"end":{"line":5,"column":3}},"loc":{"start":{"line":1,"column":179},"end":{"line":5,"column":3}},"line":1}},"f":{"0":0}}
,"D:\\01_LMS_Course_Content\\VueJS\\vitest-project\\src\\components\\Button.vue": {"path":"D:\\01_LMS_Course_Content\\VueJS\\vitest-project\\src\\components\\Button.vue","all":false,"statementMap":{"0":{"start":{"line":1,"column":0},"end":{"line":1,"column":34}},"2":{"start":{"line":3,"column":0},"end":{"line":3,"column":85}},"5":{"start":{"line":6,"column":0},"end":{"line":6,"column":14}},"6":{"start":{"line":7,"column":0},"end":{"line":7,"column":31}}},"s":{"0":1,"2":1,"5":1,"6":1},"branchMap":{},"b":{},"fnMap":{},"f":{}}
,"D:\\01_LMS_Course_Content\\VueJS\\vitest-project\\src\\components\\HelloWorld.vue": {"path":"D:\\01_LMS_Course_Content\\VueJS\\vitest-project\\src\\components\\HelloWorld.vue","all":false,"statementMap":{"2":{"start":{"line":3,"column":0},"end":{"line":3,"column":20}},"5":{"start":{"line":6,"column":0},"end":{"line":6,"column":14}},"6":{"start":{"line":7,"column":0},"end":{"line":7,"column":29}}},"s":{"2":1,"5":1,"6":1},"branchMap":{},"b":{},"fnMap":{},"f":{}}
,"D:\\01_LMS_Course_Content\\VueJS\\vitest-project\\src\\mocks\\handlers.js": {"path":"D:\\01_LMS_Course_Content\\VueJS\\vitest-project\\src\\mocks\\handlers.js","all":true,"statementMap":{"0":{"start":{"line":1,"column":0},"end":{"line":1,"column":24}},"1":{"start":{"line":2,"column":0},"end":{"line":2,"column":27}},"2":{"start":{"line":3,"column":0},"end":{"line":3,"column":0}},"3":{"start":{"line":4,"column":0},"end":{"line":4,"column":25}},"4":{"start":{"line":5,"column":0},"end":{"line":5,"column":79}},"5":{"start":{"line":6,"column":0},"end":{"line":6,"column":55}},"6":{"start":{"line":7,"column":0},"end":{"line":7,"column":4}},"7":{"start":{"line":8,"column":0},"end":{"line":8,"column":2}}},"s":{"0":0,"1":0,"2":0,"3":0,"4":0,"5":0,"6":0,"7":0},"branchMap":{"0":{"type":"branch","line":1,"loc":{"start":{"line":1,"column":26},"end":{"line":8,"column":-76}},"locations":[{"start":{"line":1,"column":26},"end":{"line":8,"column":-76}}]}},"b":{"0":[0]},"fnMap":{"0":{"name":"(empty-report)","decl":{"start":{"line":1,"column":26},"end":{"line":8,"column":-76}},"loc":{"start":{"line":1,"column":26},"end":{"line":8,"column":-76}},"line":1}},"f":{"0":0}}
}
